<?xml version="1.0" encoding="UTF-8"?>
<coverage generated="1712322184758" clover="3.2.0">
  <project timestamp="1712322184759" name="All files">
    <metrics statements="16" coveredstatements="8" conditionals="0" coveredconditionals="0" methods="8" coveredmethods="2" elements="24" coveredelements="10" complexity="0" loc="16" ncloc="16" packages="1" files="2" classes="2"/>
    <file name="groceryShoppingList.tsx" path="C:\Users\User\Documents\react-automatic-testing\files_to_test\groceryShoppingList.tsx">
      <metrics statements="8" coveredstatements="4" conditionals="0" coveredconditionals="0" methods="4" coveredmethods="1"/>
      <line num="5" count="3" type="stmt"/>
      <line num="6" count="2" type="stmt"/>
      <line num="8" count="2" type="stmt"/>
      <line num="9" count="0" type="stmt"/>
      <line num="10" count="0" type="stmt"/>
      <line num="13" count="2" type="stmt"/>
      <line num="18" count="0" type="stmt"/>
      <line num="22" count="0" type="stmt"/>
    </file>
    <file name="testMoreFiles.tsx" path="C:\Users\User\Documents\react-automatic-testing\files_to_test\testMoreFiles.tsx">
      <metrics statements="8" coveredstatements="4" conditionals="0" coveredconditionals="0" methods="4" coveredmethods="1"/>
      <line num="5" count="3" type="stmt"/>
      <line num="6" count="2" type="stmt"/>
      <line num="8" count="2" type="stmt"/>
      <line num="9" count="0" type="stmt"/>
      <line num="10" count="0" type="stmt"/>
      <line num="13" count="2" type="stmt"/>
      <line num="18" count="0" type="stmt"/>
      <line num="22" count="0" type="stmt"/>
    </file>
  </project>
</coverage>
