{"C:\\Users\\User\\Documents\\react-automatic-testing\\files_to_test\\groceryShoppingList.tsx": {"path":"C:\\Users\\User\\Documents\\react-automatic-testing\\files_to_test\\groceryShoppingList.tsx","statementMap":{"0":{"start":{"line":5,"column":40},"end":{"line":5,"column":52}},"1":{"start":{"line":6,"column":28},"end":{"line":6,"column":50}},"2":{"start":{"line":8,"column":35},"end":{"line":11,"column":26}},"3":{"start":{"line":9,"column":4},"end":{"line":9,"column":38}},"4":{"start":{"line":10,"column":4},"end":{"line":10,"column":23}},"5":{"start":{"line":13,"column":2},"end":{"line":25,"column":4}},"6":{"start":{"line":18,"column":32},"end":{"line":18,"column":52}},"7":{"start":{"line":22,"column":8},"end":{"line":22,"column":38}}},"fnMap":{"0":{"name":"groceryShoppingList","decl":{"start":{"line":4,"column":9},"end":{"line":4,"column":28}},"loc":{"start":{"line":4,"column":31},"end":{"line":26,"column":1}},"line":4},"1":{"name":"(anonymous_1)","decl":{"start":{"line":8,"column":47},"end":{"line":8,"column":48}},"loc":{"start":{"line":8,"column":53},"end":{"line":11,"column":3}},"line":8},"2":{"name":"(anonymous_2)","decl":{"start":{"line":18,"column":22},"end":{"line":18,"column":23}},"loc":{"start":{"line":18,"column":32},"end":{"line":18,"column":52}},"line":18},"3":{"name":"(anonymous_3)","decl":{"start":{"line":21,"column":17},"end":{"line":21,"column":18}},"loc":{"start":{"line":22,"column":8},"end":{"line":22,"column":38}},"line":22}},"branchMap":{},"s":{"0":3,"1":2,"2":2,"3":0,"4":0,"5":2,"6":0,"7":0},"f":{"0":3,"1":0,"2":0,"3":0},"b":{},"_coverageSchema":"1a1c01bbd47fc00a2c39e90264f33305004495a9","hash":"1a1311771be2cfeb5f91d49af585c29e81a08fc1"}
,"C:\\Users\\User\\Documents\\react-automatic-testing\\files_to_test\\testMoreFiles.tsx": {"path":"C:\\Users\\User\\Documents\\react-automatic-testing\\files_to_test\\testMoreFiles.tsx","statementMap":{"0":{"start":{"line":5,"column":40},"end":{"line":5,"column":52}},"1":{"start":{"line":6,"column":28},"end":{"line":6,"column":50}},"2":{"start":{"line":8,"column":35},"end":{"line":11,"column":26}},"3":{"start":{"line":9,"column":4},"end":{"line":9,"column":38}},"4":{"start":{"line":10,"column":4},"end":{"line":10,"column":23}},"5":{"start":{"line":13,"column":2},"end":{"line":25,"column":4}},"6":{"start":{"line":18,"column":32},"end":{"line":18,"column":52}},"7":{"start":{"line":22,"column":8},"end":{"line":22,"column":38}}},"fnMap":{"0":{"name":"testMoreFiles","decl":{"start":{"line":4,"column":9},"end":{"line":4,"column":22}},"loc":{"start":{"line":4,"column":25},"end":{"line":26,"column":1}},"line":4},"1":{"name":"(anonymous_1)","decl":{"start":{"line":8,"column":47},"end":{"line":8,"column":48}},"loc":{"start":{"line":8,"column":53},"end":{"line":11,"column":3}},"line":8},"2":{"name":"(anonymous_2)","decl":{"start":{"line":18,"column":22},"end":{"line":18,"column":23}},"loc":{"start":{"line":18,"column":32},"end":{"line":18,"column":52}},"line":18},"3":{"name":"(anonymous_3)","decl":{"start":{"line":21,"column":17},"end":{"line":21,"column":18}},"loc":{"start":{"line":22,"column":8},"end":{"line":22,"column":38}},"line":22}},"branchMap":{},"s":{"0":3,"1":2,"2":2,"3":0,"4":0,"5":2,"6":0,"7":0},"f":{"0":3,"1":0,"2":0,"3":0},"b":{},"_coverageSchema":"1a1c01bbd47fc00a2c39e90264f33305004495a9","hash":"10e58bf37cd9fde4560eea287e8788ebb08f0b34"}
}
