TN:
SF:files_to_test\groceryShoppingList.tsx
FN:4,groceryShoppingList
FN:8,(anonymous_1)
FN:18,(anonymous_2)
FN:21,(anonymous_3)
FNF:4
FNH:1
FNDA:3,groceryShoppingList
FNDA:0,(anonymous_1)
FNDA:0,(anonymous_2)
FNDA:0,(anonymous_3)
DA:5,3
DA:6,2
DA:8,2
DA:9,0
DA:10,0
DA:13,2
DA:18,0
DA:22,0
LF:8
LH:4
BRF:0
BRH:0
end_of_record
TN:
SF:files_to_test\testMoreFiles.tsx
FN:4,testMoreFiles
FN:8,(anonymous_1)
FN:18,(anonymous_2)
FN:21,(anonymous_3)
FNF:4
FNH:1
FNDA:3,testMoreFiles
FNDA:0,(anonymous_1)
FNDA:0,(anonymous_2)
FNDA:0,(anonymous_3)
DA:5,3
DA:6,2
DA:8,2
DA:9,0
DA:10,0
DA:13,2
DA:18,0
DA:22,0
LF:8
LH:4
BRF:0
BRH:0
end_of_record
